<?xml version="1.0" encoding="UTF-8"?>
<!-- Generated by org.testng.reporters.JUnitReportReporter -->
<testsuite hostname="DESKTOP-EHATMDV" failures="0" tests="1" name="com.facebook.tests.LoginTest" time="8.938" errors="0" timestamp="2023-03-17T11:51:03 IST" skipped="0">
  <testcase classname="com.facebook.tests.LoginTest" name="loginTest" time="8.938"/>
  <system-out/>
</testsuite> <!-- com.facebook.tests.LoginTest -->
