<?xml version="1.0" encoding="UTF-8"?>
<!-- Generated by org.testng.reporters.JUnitReportReporter -->
<testsuite hostname="DESKTOP-EHATMDV" failures="0" tests="1" name="PraveenS.Assertion1" time="0.011" errors="0" timestamp="2023-03-15T13:37:30 IST" skipped="0">
  <testcase classname="PraveenS.Assertion1" name="testCase1" time="0.011"/>
  <system-out/>
</testsuite> <!-- PraveenS.Assertion1 -->
